2026/06/25 21:33:38 [MattPC/pDKON77W9k-000001] "OPTIONS http://localhost:8081/api/admin/results HTTP/1.1" from [::1]:58463 - 200 0B in 0s
2026/06/25 21:33:38 [MattPC/pDKON77W9k-000004] "OPTIONS http://localhost:8081/api/admin/results HTTP/1.1" from [::1]:64922 - 200 0B in 0s
2026/06/25 21:33:38 [MattPC/pDKON77W9k-000002] "GET http://localhost:8081/api/admin/groups HTTP/1.1" from [::1]:49998 - 200 5620B in 7.4409ms
2026/06/25 21:33:38 [MattPC/pDKON77W9k-000003] "GET http://localhost:8081/api/admin/categories HTTP/1.1" from [::1]:57519 - 200 15730B in 8.5251ms
2026/06/25 21:33:38 [MattPC/pDKON77W9k-000005] "GET http://localhost:8081/api/admin/groups HTTP/1.1" from [::1]:51158 - 200 5620B in 3.9793ms
2026/06/25 21:33:38 [MattPC/pDKON77W9k-000006] "GET http://localhost:8081/api/admin/categories HTTP/1.1" from [::1]:57778 - 200 15730B in 4.2372ms
2026/06/25 21:33:38 [MattPC/pDKON77W9k-000007] "GET http://localhost:8081/api/admin/results HTTP/1.1" from [::1]:58463 - 200 14608B in 12.0874ms
2026/06/25 21:33:38 [MattPC/pDKON77W9k-000008] "GET http://localhost:8081/api/admin/results HTTP/1.1" from [::1]:57519 - 200 14608B in 3.1301ms
2026/06/25 21:33:43 [MattPC/pDKON77W9k-000009] "GET http://localhost:8081/api/auth/me HTTP/1.1" from [::1]:57519 - 200 258B in 2.2058ms
2026/06/25 21:33:43 [MattPC/pDKON77W9k-000010] "GET http://localhost:8081/api/auth/me HTTP/1.1" from [::1]:57519 - 200 258B in 1.4494ms
2026/06/25 21:33:43 [MattPC/pDKON77W9k-000011] "POST http://127.0.0.1:8081/api/auth/login HTTP/1.1" from 127.0.0.1:52812 - 200 571B in 58.7174ms
2026/06/25 21:33:43 [MattPC/pDKON77W9k-000012] "GET http://127.0.0.1:8081/api/admin/results HTTP/1.1" from 127.0.0.1:52812 - 200 14608B in 3.273ms
2026/06/25 21:33:43 [MattPC/pDKON77W9k-000014] "GET http://localhost:8081/api/admin/categories HTTP/1.1" from [::1]:58463 - 200 15730B in 1.6401ms
2026/06/25 21:33:43 [MattPC/pDKON77W9k-000013] "GET http://localhost:8081/api/admin/groups HTTP/1.1" from [::1]:57519 - 200 5620B in 2.9446ms
2026/06/25 21:33:43 [MattPC/pDKON77W9k-000016] "GET http://localhost:8081/api/admin/categories HTTP/1.1" from [::1]:51158 - 200 15730B in 2.9448ms
2026/06/25 21:33:43 [MattPC/pDKON77W9k-000017] "GET http://localhost:8081/api/admin/groups HTTP/1.1" from [::1]:58463 - 200 5620B in 2.0973ms
2026/06/25 21:33:43 [MattPC/pDKON77W9k-000015] "GET http://localhost:8081/api/admin/results HTTP/1.1" from [::1]:57778 - 200 14608B in 20.0346ms
2026/06/25 21:33:43 [MattPC/pDKON77W9k-000018] "GET http://localhost:8081/api/admin/results HTTP/1.1" from [::1]:58463 - 200 14608B in 5.1238ms
2026/06/25 21:33:52 [MattPC/pDKON77W9k-000019] "OPTIONS http://localhost:8081/api/admin/judges HTTP/1.1" from [::1]:58463 - 200 0B in 0s
2026/06/25 21:33:52 [MattPC/pDKON77W9k-000021] "OPTIONS http://localhost:8081/api/admin/judges HTTP/1.1" from [::1]:51158 - 200 0B in 0s
2026/06/25 21:33:52 [MattPC/pDKON77W9k-000020] "GET http://localhost:8081/api/admin/groups HTTP/1.1" from [::1]:57778 - 200 5620B in 3.7394ms
2026/06/25 21:33:52 [MattPC/pDKON77W9k-000022] "GET http://localhost:8081/api/admin/groups HTTP/1.1" from [::1]:57519 - 200 5620B in 1.032ms
2026/06/25 21:33:52 [MattPC/pDKON77W9k-000023] "GET http://localhost:8081/api/admin/judges HTTP/1.1" from [::1]:58463 - 200 5494B in 3.4924ms
2026/06/25 21:33:52 [MattPC/pDKON77W9k-000024] "GET http://localhost:8081/api/admin/judges HTTP/1.1" from [::1]:51158 - 200 5494B in 2.1573ms
