
> creativex-voting-frontend@0.0.0 dev
> vite --host 127.0.0.1 --port 5174


  [32m[1mVITE[22m v8.0.16[39m  [2mready in [0m[1m203[22m[2m[0m ms[22m

  [32m➜[39m  [1mLocal[22m:   [36mhttp://127.0.0.1:[1m5174[22m/[39m
[2m8:34:38 PM[22m [36m[1m[vite][22m[39m [90m[2m(client)[22m[39m [32mhmr update [39m[2m/src/contexts/AuthContext.tsx, /src/pages/auth/LoginPage.tsx, /src/pages/admin/AdminDashboardPage.tsx, /src/pages/admin/AdminProjectsPage.tsx, /src/components/JudgeContextSwitcher.tsx, /src/pages/judge/JudgeGroupSelectPage.tsx, /src/pages/judge/JudgeCategorySelectPage.tsx, /src/pages/judge/JudgeWorkspacePage.tsx, /src/pages/judge/JudgeProjectDetailPage.tsx[22m
[2m8:34:38 PM[22m [36m[1m[vite][22m[39m [90m[2m(client)[22m[39m [33mhmr invalidate [39m[2m/src/contexts/AuthContext.tsx[22m Could not Fast Refresh ("useAuth" export is incompatible). Learn more at https://github.com/vitejs/vite-plugin-react/tree/main/packages/plugin-react#consistent-components-exports
[2m8:34:38 PM[22m [36m[1m[vite][22m[39m [90m[2m(client)[22m[39m [32mhmr update [39m[2m/src/App.tsx, /src/routes/AppRouter.tsx, /src/routes/ProtectedRoute.tsx, /src/pages/auth/LoginPage.tsx, /src/layouts/AdminLayout.tsx, /src/pages/admin/AdminDashboardPage.tsx, /src/pages/admin/AdminProjectsPage.tsx, /src/layouts/JudgeLayout.tsx, /src/components/JudgeContextSwitcher.tsx, /src/pages/judge/JudgeGroupSelectPage.tsx, /src/pages/judge/JudgeCategorySelectPage.tsx, /src/pages/judge/JudgeWorkspacePage.tsx, /src/pages/judge/JudgeProjectDetailPage.tsx[22m
[2m8:34:43 PM[22m [36m[1m[vite][22m[39m [90m[2m(client)[22m[39m [32mhmr update [39m[2m/src/components/ProjectPreview.tsx[22m
[2m8:34:48 PM[22m [36m[1m[vite][22m[39m [90m[2m(client)[22m[39m [32mhmr update [39m[2m/src/pages/admin/AdminProjectsPage.tsx[22m
[2m8:38:07 PM[22m [36m[1m[vite][22m[39m [90m[2m(client)[22m[39m [32mhmr update [39m[2m/src/pages/judge/JudgeProjectDetailPage.tsx[22m
[2m8:38:14 PM[22m [36m[1m[vite][22m[39m [90m[2m(client)[22m[39m [32mhmr update [39m[2m/src/index.css[22m
[2m8:51:55 PM[22m [36m[1m[vite][22m[39m [90m[2m(client)[22m[39m [32mhmr update [39m[2m/src/contexts/LanguageContext.tsx[22m
[2m8:51:55 PM[22m [36m[1m[vite][22m[39m [90m[2m(client)[22m[39m [33mhmr invalidate [39m[2m/src/contexts/LanguageContext.tsx[22m Could not Fast Refresh ("useLanguage" export is incompatible). Learn more at https://github.com/vitejs/vite-plugin-react/tree/main/packages/plugin-react#consistent-components-exports
[2m8:51:55 PM[22m [36m[1m[vite][22m[39m [90m[2m(client)[22m[39m [32mhmr update [39m[2m/src/App.tsx, /src/pages/auth/LoginPage.tsx, /src/components/LanguageToggle.tsx, /src/layouts/AdminLayout.tsx, /src/pages/admin/AdminDashboardPage.tsx, /src/pages/admin/AdminProjectsPage.tsx, /src/layouts/JudgeLayout.tsx, /src/components/JudgeContextSwitcher.tsx, /src/pages/judge/JudgeGroupSelectPage.tsx, /src/components/JudgeStepper.tsx, /src/pages/judge/JudgeCategorySelectPage.tsx, /src/pages/judge/JudgeWorkspacePage.tsx, /src/components/ProjectPreview.tsx and 1 more[22m
[2m8:53:42 PM[22m [36m[1m[vite][22m[39m [90m[2m(client)[22m[39m [32mhmr update [39m[2m/src/contexts/LanguageContext.tsx[22m
[2m8:53:42 PM[22m [36m[1m[vite][22m[39m [90m[2m(client)[22m[39m [33mhmr invalidate [39m[2m/src/contexts/LanguageContext.tsx[22m Could not Fast Refresh ("useLanguage" export is incompatible). Learn more at https://github.com/vitejs/vite-plugin-react/tree/main/packages/plugin-react#consistent-components-exports
[2m8:53:42 PM[22m [36m[1m[vite][22m[39m [90m[2m(client)[22m[39m [32mhmr update [39m[2m/src/App.tsx, /src/pages/auth/LoginPage.tsx, /src/components/LanguageToggle.tsx, /src/layouts/AdminLayout.tsx, /src/pages/admin/AdminDashboardPage.tsx, /src/pages/admin/AdminProjectsPage.tsx, /src/layouts/JudgeLayout.tsx, /src/components/JudgeContextSwitcher.tsx, /src/pages/judge/JudgeGroupSelectPage.tsx, /src/components/JudgeStepper.tsx, /src/pages/judge/JudgeCategorySelectPage.tsx, /src/pages/judge/JudgeWorkspacePage.tsx, /src/components/ProjectPreview.tsx and 2 more[22m
[2m8:54:30 PM[22m [36m[1m[vite][22m[39m [90m[2m(client)[22m[39m [32mhmr update [39m[2m/src/pages/admin/AdminProjectsPage.tsx[22m
[2m8:54:44 PM[22m [36m[1m[vite][22m[39m [90m[2m(client)[22m[39m [32mhmr update [39m[2m/src/pages/admin/AdminCategoriesPage.tsx[22m
[2m8:56:56 PM[22m [36m[1m[vite][22m[39m [90m[2m(client)[22m[39m [32mhmr update [39m[2m/src/routes/AppRouter.tsx[22m
[2m8:57:01 PM[22m [36m[1m[vite][22m[39m [90m[2m(client)[22m[39m [32mhmr update [39m[2m/src/layouts/AdminLayout.tsx[22m
[2m8:57:18 PM[22m [36m[1m[vite][22m[39m [90m[2m(client)[22m[39m [32mhmr update [39m[2m/src/index.css[22m
[2m8:58:21 PM[22m [36m[1m[vite][22m[39m [90m[2m(client)[22m[39m [32mhmr update [39m[2m/src/layouts/AdminLayout.tsx[22m
[2m9:05:05 PM[22m [36m[1m[vite][22m[39m [90m[2m(client)[22m[39m [32mhmr update [39m[2m/src/index.css[22m
[2m9:11:05 PM[22m [36m[1m[vite][22m[39m [90m[2m(client)[22m[39m [32mhmr update [39m[2m/src/pages/judge/JudgeProjectDetailPage.tsx[22m
[2m9:11:06 PM[22m [36m[1m[vite][22m[39m [90m[2m(client)[22m[39m [32mhmr update [39m[2m/src/pages/admin/AdminProjectPreviewPage.tsx[22m
[2m9:11:06 PM[22m [36m[1m[vite][22m[39m [90m[2m(client)[22m[39m [32mhmr update [39m[2m/src/index.css[22m
[2m9:14:13 PM[22m [36m[1m[vite][22m[39m [90m[2m(client)[22m[39m [32mhmr update [39m[2m/src/pages/admin/AdminCategoriesPage.tsx[22m
[2m9:14:21 PM[22m [36m[1m[vite][22m[39m [90m[2m(client)[22m[39m [32mhmr update [39m[2m/src/index.css[22m
[2m9:14:41 PM[22m [36m[1m[vite][22m[39m [90m[2m(client)[22m[39m [32mhmr update [39m[2m/src/pages/admin/AdminCategoriesPage.tsx[22m
[2m9:18:03 PM[22m [36m[1m[vite][22m[39m [90m[2m(client)[22m[39m [32mhmr update [39m[2m/src/pages/admin/AdminJudgesPage.tsx[22m
[2m9:28:44 PM[22m [36m[1m[vite][22m[39m [90m[2m(client)[22m[39m [32mhmr update [39m[2m/src/pages/admin/AdminResultsPage.tsx[22m
[2m9:28:44 PM[22m [36m[1m[vite][22m[39m [90m[2m(client)[22m[39m [32mhmr update [39m[2m/src/index.css[22m
[2m9:30:46 PM[22m [36m[1m[vite][22m[39m [90m[2m(client)[22m[39m [32mhmr update [39m[2m/src/pages/admin/AdminResultsPage.tsx[22m
[2m9:30:46 PM[22m [36m[1m[vite][22m[39m [90m[2m(client)[22m[39m [32mhmr update [39m[2m/src/index.css[22m
[2m9:36:50 PM[22m [36m[1m[vite][22m[39m [90m[2m(client)[22m[39m [32mhmr update [39m[2m/src/contexts/LanguageContext.tsx[22m
[2m9:36:50 PM[22m [36m[1m[vite][22m[39m [90m[2m(client)[22m[39m [33mhmr invalidate [39m[2m/src/contexts/LanguageContext.tsx[22m Could not Fast Refresh ("useLanguage" export is incompatible). Learn more at https://github.com/vitejs/vite-plugin-react/tree/main/packages/plugin-react#consistent-components-exports
[2m9:36:50 PM[22m [36m[1m[vite][22m[39m [90m[2m(client)[22m[39m [32mhmr update [39m[2m/src/App.tsx, /src/pages/auth/LoginPage.tsx, /src/components/LanguageToggle.tsx, /src/layouts/AdminLayout.tsx, /src/pages/admin/AdminDashboardPage.tsx, /src/pages/admin/AdminProjectsPage.tsx, /src/layouts/JudgeLayout.tsx, /src/components/JudgeContextSwitcher.tsx, /src/pages/judge/JudgeGroupSelectPage.tsx, /src/components/JudgeStepper.tsx, /src/pages/judge/JudgeCategorySelectPage.tsx, /src/pages/judge/JudgeWorkspacePage.tsx, /src/components/ProjectPreview.tsx and 7 more[22m
[2m9:38:14 PM[22m [36m[1m[vite][22m[39m [90m[2m(client)[22m[39m [32mhmr update [39m[2m/src/contexts/LanguageContext.tsx[22m
[2m9:38:14 PM[22m [36m[1m[vite][22m[39m [90m[2m(client)[22m[39m [33mhmr invalidate [39m[2m/src/contexts/LanguageContext.tsx[22m Could not Fast Refresh ("useLanguage" export is incompatible). Learn more at https://github.com/vitejs/vite-plugin-react/tree/main/packages/plugin-react#consistent-components-exports
[2m9:38:14 PM[22m [36m[1m[vite][22m[39m [90m[2m(client)[22m[39m [32mhmr update [39m[2m/src/App.tsx, /src/pages/auth/LoginPage.tsx, /src/components/LanguageToggle.tsx, /src/layouts/AdminLayout.tsx, /src/pages/admin/AdminDashboardPage.tsx, /src/pages/admin/AdminProjectsPage.tsx, /src/layouts/JudgeLayout.tsx, /src/components/JudgeContextSwitcher.tsx, /src/pages/judge/JudgeGroupSelectPage.tsx, /src/components/JudgeStepper.tsx, /src/pages/judge/JudgeCategorySelectPage.tsx, /src/pages/judge/JudgeWorkspacePage.tsx, /src/components/ProjectPreview.tsx and 7 more[22m
[2m9:38:30 PM[22m [36m[1m[vite][22m[39m [90m[2m(client)[22m[39m [32mhmr update [39m[2m/src/pages/admin/AdminJudgesPage.tsx[22m
[2m9:38:30 PM[22m [36m[1m[vite][22m[39m [90m[2m(client)[22m[39m [32mhmr update [39m[2m/src/pages/admin/AdminResultsPage.tsx[22m
[2m9:38:30 PM[22m [36m[1m[vite][22m[39m [90m[2m(client)[22m[39m [32mhmr update [39m[2m/src/pages/admin/AdminCategoriesPage.tsx[22m
[2m9:38:30 PM[22m [36m[1m[vite][22m[39m [90m[2m(client)[22m[39m [32mhmr update [39m[2m/src/pages/admin/AdminProjectsPage.tsx[22m
[2m9:38:30 PM[22m [36m[1m[vite][22m[39m [90m[2m(client)[22m[39m [32mhmr update [39m[2m/src/pages/admin/AdminProjectPreviewPage.tsx[22m
[2m9:43:11 PM[22m [36m[1m[vite][22m[39m [90m[2m(client)[22m[39m [32mhmr update [39m[2m/src/pages/admin/AdminCriteriaPage.tsx[22m
[2m9:43:16 PM[22m [36m[1m[vite][22m[39m [90m[2m(client)[22m[39m [32mhmr update [39m[2m/src/pages/admin/AdminCriteriaPage.tsx[22m
[2m9:43:21 PM[22m [36m[1m[vite][22m[39m [90m[2m(client)[22m[39m [32mhmr update [39m[2m/src/pages/admin/AdminCriteriaPage.tsx[22m
[2m9:43:27 PM[22m [36m[1m[vite][22m[39m [90m[2m(client)[22m[39m [32mhmr update [39m[2m/src/pages/admin/AdminCriteriaPage.tsx[22m
[2m9:43:36 PM[22m [36m[1m[vite][22m[39m [90m[2m(client)[22m[39m [32mhmr update [39m[2m/src/pages/admin/AdminCriteriaPage.tsx[22m
[2m9:43:54 PM[22m [36m[1m[vite][22m[39m [90m[2m(client)[22m[39m [32mhmr update [39m[2m/src/contexts/LanguageContext.tsx[22m
[2m9:43:54 PM[22m [36m[1m[vite][22m[39m [90m[2m(client)[22m[39m [33mhmr invalidate [39m[2m/src/contexts/LanguageContext.tsx[22m Could not Fast Refresh ("useLanguage" export is incompatible). Learn more at https://github.com/vitejs/vite-plugin-react/tree/main/packages/plugin-react#consistent-components-exports
[2m9:43:54 PM[22m [36m[1m[vite][22m[39m [90m[2m(client)[22m[39m [32mhmr update [39m[2m/src/App.tsx, /src/pages/auth/LoginPage.tsx, /src/components/LanguageToggle.tsx, /src/layouts/AdminLayout.tsx, /src/pages/admin/AdminDashboardPage.tsx, /src/pages/admin/AdminProjectsPage.tsx, /src/layouts/JudgeLayout.tsx, /src/components/JudgeContextSwitcher.tsx, /src/pages/judge/JudgeGroupSelectPage.tsx, /src/components/JudgeStepper.tsx, /src/pages/judge/JudgeCategorySelectPage.tsx, /src/pages/judge/JudgeWorkspacePage.tsx, /src/components/ProjectPreview.tsx and 7 more[22m
[2m9:44:16 PM[22m [36m[1m[vite][22m[39m [90m[2m(client)[22m[39m [32mhmr update [39m[2m/src/contexts/LanguageContext.tsx[22m
[2m9:44:16 PM[22m [36m[1m[vite][22m[39m [90m[2m(client)[22m[39m [33mhmr invalidate [39m[2m/src/contexts/LanguageContext.tsx[22m Could not Fast Refresh ("useLanguage" export is incompatible). Learn more at https://github.com/vitejs/vite-plugin-react/tree/main/packages/plugin-react#consistent-components-exports
[2m9:44:16 PM[22m [36m[1m[vite][22m[39m [90m[2m(client)[22m[39m [32mhmr update [39m[2m/src/App.tsx, /src/pages/auth/LoginPage.tsx, /src/components/LanguageToggle.tsx, /src/layouts/AdminLayout.tsx, /src/pages/admin/AdminDashboardPage.tsx, /src/pages/admin/AdminProjectsPage.tsx, /src/layouts/JudgeLayout.tsx, /src/components/JudgeContextSwitcher.tsx, /src/pages/judge/JudgeGroupSelectPage.tsx, /src/components/JudgeStepper.tsx, /src/pages/judge/JudgeCategorySelectPage.tsx, /src/pages/judge/JudgeWorkspacePage.tsx, /src/components/ProjectPreview.tsx and 7 more[22m
